[2023-08-03 22:40:07,289: INFO: main: welcome to the logs]
[2023-08-03 22:40:14,883: INFO: main: welcome to the logs]
[2023-08-05 23:16:04,375: INFO: common: yaml file: config\config.yaml loaded successfully]
[2023-08-05 23:16:04,376: INFO: common: yaml file: params.yaml loaded successfully]
[2023-08-05 23:17:05,239: INFO: common: yaml file: config\config.yaml loaded successfully]
[2023-08-05 23:17:05,240: INFO: common: yaml file: params.yaml loaded successfully]
[2023-08-05 23:17:33,217: INFO: common: yaml file: config\config.yaml loaded successfully]
[2023-08-05 23:17:33,218: INFO: common: yaml file: params.yaml loaded successfully]
[2023-08-05 23:17:33,220: INFO: common: yaml file: schema.yaml loaded successfully]
[2023-08-05 23:17:33,221: INFO: common: created directory at: artifacts]
[2023-08-05 23:18:10,484: INFO: common: yaml file: config\config.yaml loaded successfully]
[2023-08-05 23:18:10,485: INFO: common: yaml file: params.yaml loaded successfully]
[2023-08-05 23:18:10,486: INFO: common: yaml file: schema.yaml loaded successfully]
[2023-08-05 23:18:10,487: INFO: common: created directory at: artifacts]
[2023-08-05 23:18:10,487: INFO: common: created directory at: artifacts/data_ingestion]
[2023-08-05 23:19:23,044: INFO: common: yaml file: config\config.yaml loaded successfully]
[2023-08-05 23:19:23,046: INFO: common: yaml file: params.yaml loaded successfully]
[2023-08-05 23:19:23,047: INFO: common: yaml file: schema.yaml loaded successfully]
[2023-08-05 23:19:23,047: INFO: common: created directory at: artifacts]
[2023-08-05 23:19:23,048: INFO: common: created directory at: artifacts/data_ingestion]
[2023-08-05 23:21:13,471: INFO: common: yaml file: config\config.yaml loaded successfully]
[2023-08-05 23:21:13,472: INFO: common: yaml file: params.yaml loaded successfully]
[2023-08-05 23:21:13,473: INFO: common: yaml file: schema.yaml loaded successfully]
[2023-08-05 23:21:13,474: INFO: common: created directory at: artifacts]
[2023-08-05 23:21:13,475: INFO: common: created directory at: artifacts/data_ingestion]
[2023-08-05 23:22:44,064: INFO: common: yaml file: config\config.yaml loaded successfully]
[2023-08-05 23:22:44,066: INFO: common: yaml file: params.yaml loaded successfully]
[2023-08-05 23:22:44,067: INFO: common: yaml file: schema.yaml loaded successfully]
[2023-08-05 23:22:44,068: INFO: common: created directory at: artifacts]
[2023-08-05 23:22:44,069: INFO: common: created directory at: artifacts/data_ingestion]
[2023-08-05 23:23:28,870: INFO: common: yaml file: config\config.yaml loaded successfully]
[2023-08-05 23:23:28,871: INFO: common: yaml file: params.yaml loaded successfully]
[2023-08-05 23:23:28,873: INFO: common: yaml file: schema.yaml loaded successfully]
[2023-08-05 23:23:28,874: INFO: common: created directory at: artifacts]
[2023-08-05 23:23:28,875: INFO: common: created directory at: artifacts/data_ingestion]
[2023-08-05 23:23:35,726: INFO: common: yaml file: config\config.yaml loaded successfully]
[2023-08-05 23:23:35,727: INFO: common: yaml file: params.yaml loaded successfully]
[2023-08-05 23:23:35,728: INFO: common: yaml file: schema.yaml loaded successfully]
[2023-08-05 23:23:35,729: INFO: common: created directory at: artifacts]
[2023-08-05 23:23:35,730: INFO: common: created directory at: artifacts/data_ingestion]
[2023-08-05 23:23:43,839: INFO: common: yaml file: config\config.yaml loaded successfully]
[2023-08-05 23:23:43,841: INFO: common: yaml file: params.yaml loaded successfully]
[2023-08-05 23:23:43,842: INFO: common: yaml file: schema.yaml loaded successfully]
[2023-08-05 23:23:43,843: INFO: common: created directory at: artifacts]
[2023-08-05 23:23:43,844: INFO: common: created directory at: artifacts/data_ingestion]
[2023-08-05 23:23:54,543: INFO: common: yaml file: config\config.yaml loaded successfully]
[2023-08-05 23:23:54,544: INFO: common: yaml file: params.yaml loaded successfully]
[2023-08-05 23:23:54,546: INFO: common: yaml file: schema.yaml loaded successfully]
[2023-08-05 23:23:54,547: INFO: common: created directory at: artifacts]
[2023-08-05 23:23:58,872: INFO: common: yaml file: config\config.yaml loaded successfully]
[2023-08-05 23:23:58,874: INFO: common: yaml file: params.yaml loaded successfully]
[2023-08-05 23:23:58,875: INFO: common: yaml file: schema.yaml loaded successfully]
[2023-08-05 23:23:58,876: INFO: common: created directory at: artifacts]
[2023-08-05 23:23:58,877: INFO: common: created directory at: artifacts/data_ingestion]
[2023-08-05 23:24:13,239: INFO: common: yaml file: config\config.yaml loaded successfully]
[2023-08-05 23:24:13,240: INFO: common: yaml file: params.yaml loaded successfully]
[2023-08-05 23:24:13,241: INFO: common: yaml file: schema.yaml loaded successfully]
[2023-08-05 23:24:13,242: INFO: common: created directory at: artifacts]
[2023-08-05 23:24:13,243: INFO: common: created directory at: artifacts/data_ingestion]
[2023-08-05 23:24:17,823: INFO: common: yaml file: config\config.yaml loaded successfully]
[2023-08-05 23:24:17,824: INFO: common: yaml file: params.yaml loaded successfully]
[2023-08-05 23:24:17,826: INFO: common: yaml file: schema.yaml loaded successfully]
[2023-08-05 23:24:17,827: INFO: common: created directory at: artifacts]
[2023-08-05 23:24:17,828: INFO: common: created directory at: artifacts/data_ingestion]
[2023-08-05 23:25:20,053: INFO: common: yaml file: config\config.yaml loaded successfully]
[2023-08-05 23:25:20,055: INFO: common: yaml file: params.yaml loaded successfully]
[2023-08-05 23:25:20,056: INFO: common: yaml file: schema.yaml loaded successfully]
[2023-08-05 23:25:20,056: INFO: common: created directory at: artifacts]
[2023-08-05 23:25:20,057: INFO: common: created directory at: artifacts/data_ingestion]
[2023-08-05 23:25:20,582: INFO: 1687568260: artifacts/data_ingestion/data.zip download! with following info: 
content-disposition: attachment; filename=SAIL.NS.csv
content-type: text/csv;charset=utf-8
vary: Origin
cache-control: private, max-age=10, stale-while-revalidate=20
y-rid: 2g80svpict389
x-yahoo-request-id: 2g80svpict389
x-request-id: dc473262-6273-4a7c-951d-4ffc10b0f8e0
x-envoy-upstream-service-time: 100
date: Sat, 05 Aug 2023 17:55:20 GMT
server: ATS
x-envoy-decorator-operation: finance-chart-api--mtls-production-sg3.finance-k8s.svc.yahoo.local:4080/*
Age: 1
Strict-Transport-Security: max-age=31536000
Referrer-Policy: no-referrer-when-downgrade
X-Frame-Options: SAMEORIGIN
X-XSS-Protection: 1; mode=block
X-Content-Type-Options: nosniff
Transfer-Encoding: chunked
Connection: close

]
[2023-08-05 23:25:33,529: INFO: common: yaml file: config\config.yaml loaded successfully]
[2023-08-05 23:25:33,530: INFO: common: yaml file: params.yaml loaded successfully]
[2023-08-05 23:25:33,531: INFO: common: yaml file: schema.yaml loaded successfully]
[2023-08-05 23:25:33,532: INFO: common: created directory at: artifacts]
[2023-08-05 23:25:33,533: INFO: common: created directory at: artifacts/data_ingestion]
[2023-08-05 23:25:33,534: INFO: 2174002776: File already exists of size: ~ 471 KB]
[2023-08-05 23:26:21,475: INFO: common: yaml file: config\config.yaml loaded successfully]
[2023-08-05 23:26:21,477: INFO: common: yaml file: params.yaml loaded successfully]
[2023-08-05 23:26:21,478: INFO: common: yaml file: schema.yaml loaded successfully]
[2023-08-05 23:26:21,479: INFO: common: created directory at: artifacts]
[2023-08-05 23:26:21,480: INFO: common: created directory at: artifacts/data_ingestion]
[2023-08-05 23:26:21,481: INFO: 2174002776: File already exists of size: ~ 471 KB]
[2023-08-05 23:26:39,024: INFO: common: yaml file: config\config.yaml loaded successfully]
[2023-08-05 23:26:39,026: INFO: common: yaml file: params.yaml loaded successfully]
[2023-08-05 23:26:39,028: INFO: common: yaml file: schema.yaml loaded successfully]
[2023-08-05 23:26:39,030: INFO: common: created directory at: artifacts]
[2023-08-05 23:26:39,031: INFO: common: created directory at: artifacts/data_ingestion]
[2023-08-05 23:26:39,032: INFO: 2174002776: File already exists of size: ~ 471 KB]
[2023-08-05 23:28:52,447: INFO: common: yaml file: config\config.yaml loaded successfully]
[2023-08-05 23:28:52,448: INFO: common: yaml file: params.yaml loaded successfully]
[2023-08-05 23:28:52,449: INFO: common: yaml file: schema.yaml loaded successfully]
[2023-08-05 23:28:52,450: INFO: common: created directory at: artifacts]
[2023-08-05 23:28:52,451: INFO: common: created directory at: artifacts/data_ingestion]
[2023-08-05 23:28:52,915: INFO: 2174002776: artifacts/data_ingestion/data.zip download! with following info: 
Server: GitHub.com
Date: Sat, 05 Aug 2023 17:58:53 GMT
Content-Type: text/html; charset=utf-8
Vary: X-PJAX, X-PJAX-Container, Turbo-Visit, Turbo-Frame, Accept-Encoding, Accept, X-Requested-With
ETag: W/"f005c7f82d3b16b5fdfbec197aa9285b"
Cache-Control: max-age=0, private, must-revalidate
Strict-Transport-Security: max-age=31536000; includeSubdomains; preload
X-Frame-Options: deny
X-Content-Type-Options: nosniff
X-XSS-Protection: 0
Referrer-Policy: no-referrer-when-downgrade
Content-Security-Policy: default-src 'none'; base-uri 'self'; child-src github.com/assets-cdn/worker/ gist.github.com/assets-cdn/worker/; connect-src 'self' uploads.github.com objects-origin.githubusercontent.com www.githubstatus.com collector.github.com raw.githubusercontent.com api.github.com github-cloud.s3.amazonaws.com github-production-repository-file-5c1aeb.s3.amazonaws.com github-production-upload-manifest-file-7fdce7.s3.amazonaws.com github-production-user-asset-6210df.s3.amazonaws.com cdn.optimizely.com logx.optimizely.com/v1/events *.actions.githubusercontent.com productionresultssa0.blob.core.windows.net/ productionresultssa1.blob.core.windows.net/ productionresultssa2.blob.core.windows.net/ productionresultssa3.blob.core.windows.net/ productionresultssa4.blob.core.windows.net/ wss://*.actions.githubusercontent.com github-production-repository-image-32fea6.s3.amazonaws.com github-production-release-asset-2e65be.s3.amazonaws.com insights.github.com wss://alive.github.com; font-src github.githubassets.com; form-action 'self' github.com gist.github.com objects-origin.githubusercontent.com; frame-ancestors 'none'; frame-src viewscreen.githubusercontent.com notebooks.githubusercontent.com; img-src 'self' data: github.githubassets.com media.githubusercontent.com camo.githubusercontent.com identicons.github.com avatars.githubusercontent.com github-cloud.s3.amazonaws.com objects.githubusercontent.com objects-origin.githubusercontent.com secured-user-images.githubusercontent.com/ user-images.githubusercontent.com/ private-user-images.githubusercontent.com opengraph.githubassets.com github-production-user-asset-6210df.s3.amazonaws.com customer-stories-feed.github.com spotlights-feed.github.com *.githubusercontent.com; manifest-src 'self'; media-src github.com user-images.githubusercontent.com/ secured-user-images.githubusercontent.com/ private-user-images.githubusercontent.com; script-src github.githubassets.com; style-src 'unsafe-inline' github.githubassets.com; upgrade-insecure-requests; worker-src github.com/assets-cdn/worker/ gist.github.com/assets-cdn/worker/
Set-Cookie: _gh_sess=KMk5kiYCAWrzpy0qvNf8rN6BnJm2x3B8OD6sU3jyOQyb9PKeSNUDNVkmzHiuwkadIBqOObDDDwAaiumi5k0FupFw%2B1YH9N5s5paKV2xpS4haK2rLY1KQEQhkoJnC%2FBhnsUncgkQNDMvTPbofn%2FnJNTiHLz9hLsjTr68DNz40UxZXh3ScS5aM2qyrgS3IktdKV7HE4kpExrn3VJ6EMRF5h%2B1YZemcBEHAfwQgqcyOuFtIJdt4%2BYYRaBrJ1yR3FEidX6MRSlk2N8GdOvHpLwdgfA%3D%3D--Am3psP9%2BKVuXzsE9--%2FR%2BssNO9Ynm99TWN8lamYg%3D%3D; Path=/; HttpOnly; Secure; SameSite=Lax
Set-Cookie: _octo=GH1.1.2143939102.1691258333; Path=/; Domain=github.com; Expires=Mon, 05 Aug 2024 17:58:53 GMT; Secure; SameSite=Lax
Set-Cookie: logged_in=no; Path=/; Domain=github.com; Expires=Mon, 05 Aug 2024 17:58:53 GMT; HttpOnly; Secure; SameSite=Lax
Accept-Ranges: bytes
Transfer-Encoding: chunked
X-GitHub-Request-Id: E5C6:2C5F63:810AD1:955614:64CE8DDD
connection: close

]
[2023-08-05 23:31:55,871: INFO: common: yaml file: config\config.yaml loaded successfully]
[2023-08-05 23:31:55,872: INFO: common: yaml file: params.yaml loaded successfully]
[2023-08-05 23:31:55,874: INFO: common: yaml file: schema.yaml loaded successfully]
[2023-08-05 23:31:55,874: INFO: common: created directory at: artifacts]
[2023-08-05 23:31:55,875: INFO: common: created directory at: artifacts/data_ingestion]
[2023-08-05 23:31:56,451: INFO: 2174002776: artifacts/data_ingestion/data.zip download! with following info: 
Server: GitHub.com
Date: Sat, 05 Aug 2023 18:01:57 GMT
Content-Type: text/html; charset=utf-8
Vary: X-PJAX, X-PJAX-Container, Turbo-Visit, Turbo-Frame, Accept-Encoding, Accept, X-Requested-With
ETag: W/"3b18d6d61466e878ebcf67f7bff51e65"
Cache-Control: max-age=0, private, must-revalidate
Strict-Transport-Security: max-age=31536000; includeSubdomains; preload
X-Frame-Options: deny
X-Content-Type-Options: nosniff
X-XSS-Protection: 0
Referrer-Policy: no-referrer-when-downgrade
Content-Security-Policy: default-src 'none'; base-uri 'self'; child-src github.com/assets-cdn/worker/ gist.github.com/assets-cdn/worker/; connect-src 'self' uploads.github.com objects-origin.githubusercontent.com www.githubstatus.com collector.github.com raw.githubusercontent.com api.github.com github-cloud.s3.amazonaws.com github-production-repository-file-5c1aeb.s3.amazonaws.com github-production-upload-manifest-file-7fdce7.s3.amazonaws.com github-production-user-asset-6210df.s3.amazonaws.com cdn.optimizely.com logx.optimizely.com/v1/events *.actions.githubusercontent.com productionresultssa0.blob.core.windows.net/ productionresultssa1.blob.core.windows.net/ productionresultssa2.blob.core.windows.net/ productionresultssa3.blob.core.windows.net/ productionresultssa4.blob.core.windows.net/ wss://*.actions.githubusercontent.com github-production-repository-image-32fea6.s3.amazonaws.com github-production-release-asset-2e65be.s3.amazonaws.com insights.github.com wss://alive.github.com; font-src github.githubassets.com; form-action 'self' github.com gist.github.com objects-origin.githubusercontent.com; frame-ancestors 'none'; frame-src viewscreen.githubusercontent.com notebooks.githubusercontent.com; img-src 'self' data: github.githubassets.com media.githubusercontent.com camo.githubusercontent.com identicons.github.com avatars.githubusercontent.com github-cloud.s3.amazonaws.com objects.githubusercontent.com objects-origin.githubusercontent.com secured-user-images.githubusercontent.com/ user-images.githubusercontent.com/ private-user-images.githubusercontent.com opengraph.githubassets.com github-production-user-asset-6210df.s3.amazonaws.com customer-stories-feed.github.com spotlights-feed.github.com *.githubusercontent.com; manifest-src 'self'; media-src github.com user-images.githubusercontent.com/ secured-user-images.githubusercontent.com/ private-user-images.githubusercontent.com; script-src github.githubassets.com; style-src 'unsafe-inline' github.githubassets.com; upgrade-insecure-requests; worker-src github.com/assets-cdn/worker/ gist.github.com/assets-cdn/worker/
Set-Cookie: _gh_sess=vdRo8PyMVUOzTtM5Uv0cza7Q8ksBh9dcsiaPrcfoXtDSl4Sk7WInnla9dg%2BPZ4x29c5I2dy91EdFLtAA4wjUr1SnZwmRlWp1HzyUHnHIGnjaxlHtXEahIedvjFNYL030cPvT5X5KeOuGt13UiFTrqjRDI90KpTPk7OH3FkavwSBcKR%2FsvUknZeuPXB4%2But0eSlaRZcoQXZ4IBm7ZCVRG1yDZ%2FumEAEy0%2Bbub084Sr9VlQnW1FZ5r%2BO2jBmhT9NPJA3C609kFrsLKMwYKuObeeg%3D%3D--qCjZgMgSSpblR6ci--lbbbg4ubmGGYP9FXWkJKbg%3D%3D; Path=/; HttpOnly; Secure; SameSite=Lax
Set-Cookie: _octo=GH1.1.893542985.1691258517; Path=/; Domain=github.com; Expires=Mon, 05 Aug 2024 18:01:57 GMT; Secure; SameSite=Lax
Set-Cookie: logged_in=no; Path=/; Domain=github.com; Expires=Mon, 05 Aug 2024 18:01:57 GMT; HttpOnly; Secure; SameSite=Lax
Accept-Ranges: bytes
Transfer-Encoding: chunked
X-GitHub-Request-Id: E5FD:2D0C09:80B054:9504F6:64CE8E95
connection: close

]
[2023-08-05 23:33:00,240: INFO: common: yaml file: config\config.yaml loaded successfully]
[2023-08-05 23:33:00,241: INFO: common: yaml file: params.yaml loaded successfully]
[2023-08-05 23:33:00,242: INFO: common: yaml file: schema.yaml loaded successfully]
[2023-08-05 23:33:00,243: INFO: common: created directory at: artifacts]
[2023-08-05 23:33:00,243: INFO: common: created directory at: artifacts/data_ingestion]
[2023-08-05 23:33:01,104: INFO: 2174002776: artifacts/data_ingestion/data.csv download! with following info: 
Server: GitHub.com
Date: Sat, 05 Aug 2023 18:03:01 GMT
Content-Type: text/html; charset=utf-8
Vary: X-PJAX, X-PJAX-Container, Turbo-Visit, Turbo-Frame, Accept-Encoding, Accept, X-Requested-With
ETag: W/"bf53b7c23bca34e3c6b604ebc03dbfed"
Cache-Control: max-age=0, private, must-revalidate
Strict-Transport-Security: max-age=31536000; includeSubdomains; preload
X-Frame-Options: deny
X-Content-Type-Options: nosniff
X-XSS-Protection: 0
Referrer-Policy: no-referrer-when-downgrade
Content-Security-Policy: default-src 'none'; base-uri 'self'; child-src github.com/assets-cdn/worker/ gist.github.com/assets-cdn/worker/; connect-src 'self' uploads.github.com objects-origin.githubusercontent.com www.githubstatus.com collector.github.com raw.githubusercontent.com api.github.com github-cloud.s3.amazonaws.com github-production-repository-file-5c1aeb.s3.amazonaws.com github-production-upload-manifest-file-7fdce7.s3.amazonaws.com github-production-user-asset-6210df.s3.amazonaws.com cdn.optimizely.com logx.optimizely.com/v1/events *.actions.githubusercontent.com productionresultssa0.blob.core.windows.net/ productionresultssa1.blob.core.windows.net/ productionresultssa2.blob.core.windows.net/ productionresultssa3.blob.core.windows.net/ productionresultssa4.blob.core.windows.net/ wss://*.actions.githubusercontent.com github-production-repository-image-32fea6.s3.amazonaws.com github-production-release-asset-2e65be.s3.amazonaws.com insights.github.com wss://alive.github.com; font-src github.githubassets.com; form-action 'self' github.com gist.github.com objects-origin.githubusercontent.com; frame-ancestors 'none'; frame-src viewscreen.githubusercontent.com notebooks.githubusercontent.com; img-src 'self' data: github.githubassets.com media.githubusercontent.com camo.githubusercontent.com identicons.github.com avatars.githubusercontent.com github-cloud.s3.amazonaws.com objects.githubusercontent.com objects-origin.githubusercontent.com secured-user-images.githubusercontent.com/ user-images.githubusercontent.com/ private-user-images.githubusercontent.com opengraph.githubassets.com github-production-user-asset-6210df.s3.amazonaws.com customer-stories-feed.github.com spotlights-feed.github.com *.githubusercontent.com; manifest-src 'self'; media-src github.com user-images.githubusercontent.com/ secured-user-images.githubusercontent.com/ private-user-images.githubusercontent.com; script-src github.githubassets.com; style-src 'unsafe-inline' github.githubassets.com; upgrade-insecure-requests; worker-src github.com/assets-cdn/worker/ gist.github.com/assets-cdn/worker/
Set-Cookie: _gh_sess=9kJ61ectFMBmaDKkQills%2FkQcVVf4xa5UZRM0ksXdNyycwvHF8DECW0aRaiNSxeUHKRl8nRkQOjwL4XCKFCLKfolO0kJdeaqJoYXGz9nV749lU1CS9QjXNpmAsk0OJYooslQoRquJzhtuWX2nDiRIQZIBXnsm9GZ1TMogRXigMEG%2F39k3GXbcKoWq7CliZv9VJghwxzXxx2dxeA%2Fe4e%2BC3SUGuu2%2FCPfBE80imDZFJRLkDUkIx3g1Y27pDNdCQ8rbyvJAgsFSo8Oh6Rjf2n8Qw%3D%3D--Mp2X9qJahUaZ6zRX--28V8GwK3Z15%2FhcMe4TetoA%3D%3D; Path=/; HttpOnly; Secure; SameSite=Lax
Set-Cookie: _octo=GH1.1.1812413001.1691258581; Path=/; Domain=github.com; Expires=Mon, 05 Aug 2024 18:03:01 GMT; Secure; SameSite=Lax
Set-Cookie: logged_in=no; Path=/; Domain=github.com; Expires=Mon, 05 Aug 2024 18:03:01 GMT; HttpOnly; Secure; SameSite=Lax
Accept-Ranges: bytes
Transfer-Encoding: chunked
X-GitHub-Request-Id: E608:2D1A09:81E0A6:9638AC:64CE8ED5
connection: close

]
[2023-08-05 23:34:21,504: INFO: common: yaml file: config\config.yaml loaded successfully]
[2023-08-05 23:34:21,506: INFO: common: yaml file: params.yaml loaded successfully]
[2023-08-05 23:34:21,507: INFO: common: yaml file: schema.yaml loaded successfully]
[2023-08-05 23:34:21,508: INFO: common: created directory at: artifacts]
[2023-08-05 23:34:21,509: INFO: common: created directory at: artifacts/data_ingestion]
[2023-08-05 23:34:22,030: INFO: 2174002776: artifacts/data_ingestion/data.csv download! with following info: 
content-disposition: attachment; filename=SAIL.NS.csv
content-type: text/csv;charset=utf-8
vary: Origin
cache-control: private, max-age=10, stale-while-revalidate=20
y-rid: 5sdcj9hict3p6
x-yahoo-request-id: 5sdcj9hict3p6
x-request-id: cdbb6cf4-ba47-4cba-a3c1-0054f6e08082
x-envoy-upstream-service-time: 124
date: Sat, 05 Aug 2023 18:04:22 GMT
server: ATS
x-envoy-decorator-operation: finance-chart-api--mtls-production-sg3.finance-k8s.svc.yahoo.local:4080/*
Age: 0
Strict-Transport-Security: max-age=31536000
Referrer-Policy: no-referrer-when-downgrade
X-Frame-Options: SAMEORIGIN
X-XSS-Protection: 1; mode=block
X-Content-Type-Options: nosniff
Transfer-Encoding: chunked
Connection: close

]
[2023-08-05 23:49:57,680: INFO: main: >>>> stage data ingestion stage started <<<<]
[2023-08-05 23:49:57,682: INFO: common: yaml file: config\config.yaml loaded successfully]
[2023-08-05 23:49:57,682: INFO: common: yaml file: params.yaml loaded successfully]
[2023-08-05 23:49:57,683: INFO: common: yaml file: schema.yaml loaded successfully]
[2023-08-05 23:49:57,683: INFO: common: created directory at: artifacts]
[2023-08-05 23:49:57,684: INFO: common: created directory at: artifacts/data_ingestion]
[2023-08-05 23:49:58,216: INFO: data_ingestion: artifacts/data_ingestion/data.csv download! with following info: 
content-disposition: attachment; filename=SAIL.NS.csv
content-type: text/csv;charset=utf-8
vary: Origin
cache-control: private, max-age=10, stale-while-revalidate=20
y-rid: 2s1l0adict4me
x-yahoo-request-id: 2s1l0adict4me
x-request-id: 01ed9728-c6ed-4c2f-bc8d-2f44a7be5d08
x-envoy-upstream-service-time: 93
date: Sat, 05 Aug 2023 18:19:58 GMT
server: ATS
x-envoy-decorator-operation: finance-chart-api--mtls-production-sg3.finance-k8s.svc.yahoo.local:4080/*
Age: 3
Strict-Transport-Security: max-age=31536000
Referrer-Policy: no-referrer-when-downgrade
X-Frame-Options: SAMEORIGIN
X-XSS-Protection: 1; mode=block
X-Content-Type-Options: nosniff
Transfer-Encoding: chunked
Connection: close

]
[2023-08-05 23:49:58,219: INFO: main: >>>> stage data ingestion stage completed <<<<

x========x]
[2023-08-05 23:56:00,633: INFO: main: >>>> stage data ingestion stage started <<<<]
[2023-08-05 23:56:00,635: INFO: common: yaml file: config\config.yaml loaded successfully]
[2023-08-05 23:56:00,636: INFO: common: yaml file: params.yaml loaded successfully]
[2023-08-05 23:56:00,636: INFO: common: yaml file: schema.yaml loaded successfully]
[2023-08-05 23:56:00,637: INFO: common: created directory at: artifacts]
[2023-08-05 23:56:00,637: INFO: common: created directory at: artifacts/data_ingestion]
[2023-08-05 23:56:01,169: INFO: data_ingestion: artifacts/data_ingestion/data.csv download! with following info: 
content-disposition: attachment; filename=SAIL.NS.csv
content-type: text/csv;charset=utf-8
vary: Origin
cache-control: private, max-age=10, stale-while-revalidate=20
y-rid: 3bkchcpict51p
x-yahoo-request-id: 3bkchcpict51p
x-request-id: bb9c80e5-9052-4cb8-9ea5-bb5732ffbc30
x-envoy-upstream-service-time: 106
date: Sat, 05 Aug 2023 18:26:01 GMT
server: ATS
x-envoy-decorator-operation: finance-chart-api--mtls-production-sg3.finance-k8s.svc.yahoo.local:4080/*
Age: 3
Strict-Transport-Security: max-age=31536000
Referrer-Policy: no-referrer-when-downgrade
X-Frame-Options: SAMEORIGIN
X-XSS-Protection: 1; mode=block
X-Content-Type-Options: nosniff
Transfer-Encoding: chunked
Connection: close

]
[2023-08-05 23:56:01,171: INFO: main: >>>> stage data ingestion stage completed <<<<

x========x]
[2023-08-06 00:31:42,139: INFO: common: yaml file: config\config.yaml loaded successfully]
[2023-08-06 00:31:42,141: INFO: common: yaml file: params.yaml loaded successfully]
[2023-08-06 00:31:42,142: INFO: common: yaml file: schema.yaml loaded successfully]
[2023-08-06 00:31:42,143: INFO: common: created directory at: artifacts]
[2023-08-06 00:31:53,317: INFO: common: yaml file: config\config.yaml loaded successfully]
[2023-08-06 00:31:53,319: INFO: common: yaml file: params.yaml loaded successfully]
[2023-08-06 00:31:53,321: INFO: common: yaml file: schema.yaml loaded successfully]
[2023-08-06 00:31:53,321: INFO: common: created directory at: artifacts]
[2023-08-06 00:34:52,209: INFO: common: yaml file: config\config.yaml loaded successfully]
[2023-08-06 00:34:52,210: INFO: common: yaml file: params.yaml loaded successfully]
[2023-08-06 00:34:52,212: INFO: common: yaml file: schema.yaml loaded successfully]
[2023-08-06 00:34:52,213: INFO: common: created directory at: artifacts]
[2023-08-06 00:42:07,784: INFO: common: yaml file: config\config.yaml loaded successfully]
[2023-08-06 00:42:07,789: INFO: common: yaml file: params.yaml loaded successfully]
[2023-08-06 00:42:07,796: INFO: common: yaml file: schema.yaml loaded successfully]
[2023-08-06 00:42:07,798: INFO: common: created directory at: artifacts]
[2023-08-06 00:44:17,364: INFO: common: yaml file: config\config.yaml loaded successfully]
[2023-08-06 00:44:17,365: INFO: common: yaml file: params.yaml loaded successfully]
[2023-08-06 00:44:17,368: INFO: common: yaml file: schema.yaml loaded successfully]
[2023-08-06 00:44:17,369: INFO: common: created directory at: artifacts]
[2023-08-06 00:44:22,960: INFO: common: yaml file: config\config.yaml loaded successfully]
[2023-08-06 00:44:22,962: INFO: common: yaml file: params.yaml loaded successfully]
[2023-08-06 00:44:22,964: INFO: common: yaml file: schema.yaml loaded successfully]
[2023-08-06 00:44:22,966: INFO: common: created directory at: artifacts]
[2023-08-06 00:46:40,005: INFO: common: yaml file: config\config.yaml loaded successfully]
[2023-08-06 00:46:40,006: INFO: common: yaml file: params.yaml loaded successfully]
[2023-08-06 00:46:40,008: INFO: common: yaml file: schema.yaml loaded successfully]
[2023-08-06 00:46:40,009: INFO: common: created directory at: artifacts]
[2023-08-06 00:46:53,927: INFO: common: yaml file: config\config.yaml loaded successfully]
[2023-08-06 00:46:53,928: INFO: common: yaml file: params.yaml loaded successfully]
[2023-08-06 00:46:53,930: INFO: common: yaml file: schema.yaml loaded successfully]
[2023-08-06 00:46:53,932: INFO: common: created directory at: artifacts]
[2023-08-06 00:46:53,933: INFO: common: created directory at: artifacts/data_validation]
[2023-08-06 00:56:43,806: INFO: main: >>>> stage data ingestion stage started <<<<]
[2023-08-06 00:56:43,807: INFO: common: yaml file: config\config.yaml loaded successfully]
[2023-08-06 00:56:43,808: INFO: common: yaml file: params.yaml loaded successfully]
[2023-08-06 00:56:43,809: INFO: common: yaml file: schema.yaml loaded successfully]
[2023-08-06 00:56:43,810: INFO: common: created directory at: artifacts]
[2023-08-06 00:56:43,810: INFO: common: created directory at: artifacts/data_ingestion]
[2023-08-06 00:56:44,228: INFO: data_ingestion: artifacts/data_ingestion/data.csv download! with following info: 
content-disposition: attachment; filename=SAIL.NS.csv
content-type: text/csv;charset=utf-8
vary: Origin
cache-control: private, max-age=10, stale-while-revalidate=20
y-rid: 4coa5btict8jl
x-yahoo-request-id: 4coa5btict8jl
x-request-id: ca6db94e-2185-4efb-bf73-26228feef640
x-envoy-upstream-service-time: 125
date: Sat, 05 Aug 2023 19:26:45 GMT
server: ATS
x-envoy-decorator-operation: finance-chart-api--mtls-production-sg3.finance-k8s.svc.yahoo.local:4080/*
Age: 0
Strict-Transport-Security: max-age=31536000
Referrer-Policy: no-referrer-when-downgrade
X-Frame-Options: SAMEORIGIN
X-XSS-Protection: 1; mode=block
X-Content-Type-Options: nosniff
Transfer-Encoding: chunked
Connection: close

]
[2023-08-06 00:56:44,231: INFO: main: >>>> stage data ingestion stage completed <<<<

x========x]
[2023-08-06 00:56:44,232: INFO: main: >>>> stage data validation stage started <<<<]
[2023-08-06 00:56:44,234: INFO: common: yaml file: config\config.yaml loaded successfully]
[2023-08-06 00:56:44,235: INFO: common: yaml file: params.yaml loaded successfully]
[2023-08-06 00:56:44,236: INFO: common: yaml file: schema.yaml loaded successfully]
[2023-08-06 00:56:44,237: INFO: common: created directory at: artifacts]
[2023-08-06 00:56:44,238: INFO: common: created directory at: artifacts/data_validation]
[2023-08-06 00:56:44,260: INFO: main: >>>> stage data validation stage completed <<<<

x========x]
